<?xml version="1.0" encoding="UTF-8"?>
<!-- Generated by org.testng.reporters.JUnitXMLReporter -->
<testsuite ignored="2" hostname="Babu" failures="1" tests="1" name="Default test(failed)" time="2.571" errors="0" timestamp="2024-02-14T11:38:05 IST">
  <testcase classname="Test.Project1.testngParallel" name="launchUrl" time="0.0">
    <failure type="org.testng.TestNGException" message="
Parameter &amp;apos;emailid&amp;apos; is required by @Test on method launchUrl but has not been marked @Optional or defined
in C:\Users\HP\eclipse-workspace\Project1\test-output\testng-failed.xml">
      <![CDATA[org.testng.TestNGException: 
Parameter 'emailid' is required by @Test on method launchUrl but has not been marked @Optional or defined
in C:\Users\HP\eclipse-workspace\Project1\test-output\testng-failed.xml
at java.base/java.util.ArrayList.forEach(ArrayList.java:1511)
... Removed 26 stack frames]]>
    </failure>
  </testcase> <!-- launchUrl -->
  <testcase classname="Test.Project1.testngParallel" name="printStatement" time="0.0">
    <ignored/>
  </testcase> <!-- printStatement -->
  <testcase classname="Test.Project1.testngParallel" name="printStatement2" time="0.0">
    <ignored/>
  </testcase> <!-- printStatement2 -->
</testsuite> <!-- Default test(failed) -->
