<?xml version="1.0" encoding="UTF-8"?>
<!-- Generated by org.testng.reporters.JUnitXMLReporter -->
<testsuite ignored="2" hostname="Babu" failures="0" tests="1" name="my test" time="0.073" errors="0" timestamp="2024-03-06T12:36:16 IST">
  <testcase classname="testPackage.NewTest" name="Two" time="0.011"/>
  <testcase classname="testPackage.NewTest" name="One" time="0.0">
    <ignored/>
  </testcase> <!-- One -->
  <testcase classname="testPackage.NewTest" name="Three" time="0.0">
    <ignored/>
  </testcase> <!-- Three -->
</testsuite> <!-- my test -->
