<?xml version="1.0" encoding="UTF-8"?>
<!-- Generated by org.testng.reporters.JUnitXMLReporter -->
<testsuite ignored="2" hostname="Babu" failures="0" tests="1" name="Default test(failed)(failed)" time="80.021" errors="0" timestamp="2024-02-14T11:40:41 IST">
  <testcase classname="Test.Project1.testngParallel" name="launchUrl" time="77.501"/>
  <testcase classname="Test.Project1.testngParallel" name="printStatement" time="0.0">
    <ignored/>
  </testcase> <!-- printStatement -->
  <testcase classname="Test.Project1.testngParallel" name="printStatement2" time="0.0">
    <ignored/>
  </testcase> <!-- printStatement2 -->
</testsuite> <!-- Default test(failed)(failed) -->
