<?xml version="1.0" encoding="UTF-8"?>
<testng-results ignored="0" total="1" passed="1" failed="0" skipped="0">
  <reporter-output>
  </reporter-output>
  <suite started-at="2025-05-07T12:36:43 IST" name="Default suite" finished-at="2025-05-07T12:36:55 IST" duration-ms="12408">
    <groups>
    </groups>
    <test started-at="2025-05-07T12:36:43 IST" name="Default test" finished-at="2025-05-07T12:36:55 IST" duration-ms="12408">
      <class name="streams.WebTableSortVerification">
        <test-method is-config="true" signature="browserLaunch()[pri:0, instance:streams.WebTableSortVerification@2c1b194a]" started-at="2025-05-07T12:36:43 IST" name="browserLaunch" finished-at="2025-05-07T12:36:52 IST" duration-ms="9714" status="PASS">
          <reporter-output>
          </reporter-output>
        </test-method> <!-- browserLaunch -->
        <test-method signature="columnSortVerification()[pri:0, instance:streams.WebTableSortVerification@2c1b194a]" started-at="2025-05-07T12:36:52 IST" name="columnSortVerification" finished-at="2025-05-07T12:36:55 IST" duration-ms="2640" status="PASS">
          <reporter-output>
          </reporter-output>
        </test-method> <!-- columnSortVerification -->
      </class> <!-- streams.WebTableSortVerification -->
    </test> <!-- Default test -->
  </suite> <!-- Default suite -->
</testng-results>
