<?xml version="1.0" encoding="UTF-8"?>
<!-- Generated by org.testng.reporters.JUnitXMLReporter -->
<testsuite ignored="0" hostname="Babu" failures="0" tests="4" name="Test Basics 1" time="39.133" errors="0" timestamp="2024-02-16T12:13:31 IST">
  <testcase classname="Test.Project1.testngParallel" name="printStatement" time="0.008"/>
  <testcase classname="Test.Project1.testngParallel" name="printStatement2" time="0.003"/>
  <testcase classname="Test.Project1.testngParallel" name="launchUrl" time="19.568"/>
  <testcase classname="Test.Project1.FireFoxLaunch" name="firefoxLaunch" time="35.594"/>
</testsuite> <!-- Test Basics 1 -->
